  HW1.cpp
C:\opencv\build\include\opencv2\opencv.hpp(48,10): fatal error C1083: 無法開啟包含檔案: 'opencv2/opencv_modules.hpp': No such file or directory
  HW1_1_2_a_1.cpp
C:\Users\wup4416\Desktop\ADIP\HW1\HW1\HW1_1_2_a_1.cpp(7,2): error C2065: 'FILE': 未宣告的識別項
C:\Users\wup4416\Desktop\ADIP\HW1\HW1\HW1_1_2_a_1.cpp(7,8): error C2065: 'input_file': 未宣告的識別項
C:\Users\wup4416\Desktop\ADIP\HW1\HW1\HW1_1_2_a_1.cpp(8,2): error C2065: 'FILE': 未宣告的識別項
C:\Users\wup4416\Desktop\ADIP\HW1\HW1\HW1_1_2_a_1.cpp(8,8): error C2065: 'output_file': 未宣告的識別項
C:\Users\wup4416\Desktop\ADIP\HW1\HW1\HW1_1_2_a_1.cpp(16,2): error C2065: 'input_file': 未宣告的識別項
C:\Users\wup4416\Desktop\ADIP\HW1\HW1\HW1_1_2_a_1.cpp(16,15): error C3861: 'fopen': 找不到識別項
C:\Users\wup4416\Desktop\ADIP\HW1\HW1\HW1_1_2_a_1.cpp(18,6): error C2065: 'input_file': 未宣告的識別項
C:\Users\wup4416\Desktop\ADIP\HW1\HW1\HW1_1_2_a_1.cpp(18,20): error C2065: 'NULL': 未宣告的識別項
C:\Users\wup4416\Desktop\ADIP\HW1\HW1\HW1_1_2_a_1.cpp(19,3): error C3861: 'puts': 找不到識別項
C:\Users\wup4416\Desktop\ADIP\HW1\HW1\HW1_1_2_a_1.cpp(20,3): error C3861: 'system': 找不到識別項
C:\Users\wup4416\Desktop\ADIP\HW1\HW1\HW1_1_2_a_1.cpp(21,3): error C3861: 'exit': 找不到識別項
C:\Users\wup4416\Desktop\ADIP\HW1\HW1\HW1_1_2_a_1.cpp(24,27): error C2065: 'input_file': 未宣告的識別項
C:\Users\wup4416\Desktop\ADIP\HW1\HW1\HW1_1_2_a_1.cpp(24,2): error C3861: 'fread': 找不到識別項
C:\Users\wup4416\Desktop\ADIP\HW1\HW1\HW1_1_2_a_1.cpp(27,2): error C2065: 'output_file': 未宣告的識別項
C:\Users\wup4416\Desktop\ADIP\HW1\HW1\HW1_1_2_a_1.cpp(27,16): error C3861: 'fopen': 找不到識別項
C:\Users\wup4416\Desktop\ADIP\HW1\HW1\HW1_1_2_a_1.cpp(28,28): error C2065: 'output_file': 未宣告的識別項
C:\Users\wup4416\Desktop\ADIP\HW1\HW1\HW1_1_2_a_1.cpp(28,2): error C3861: 'fwrite': 找不到識別項
C:\Users\wup4416\Desktop\ADIP\HW1\HW1\HW1_1_2_a_1.cpp(32,9): error C2065: 'input_file': 未宣告的識別項
C:\Users\wup4416\Desktop\ADIP\HW1\HW1\HW1_1_2_a_1.cpp(32,2): error C3861: 'fclose': 找不到識別項
C:\Users\wup4416\Desktop\ADIP\HW1\HW1\HW1_1_2_a_1.cpp(33,9): error C2065: 'output_file': 未宣告的識別項
C:\Users\wup4416\Desktop\ADIP\HW1\HW1\HW1_1_2_a_1.cpp(33,2): error C3861: 'fclose': 找不到識別項
  正在產生程式碼...
